[debug] [2020-04-30T10:08:08.983Z] ----------------------------------------------------------------------
[debug] [2020-04-30T10:08:08.986Z] Command:       /usr/local/bin/node /usr/local/bin/firebase emulators:start
[debug] [2020-04-30T10:08:08.986Z] CLI Version:   7.14.0
[debug] [2020-04-30T10:08:08.986Z] Platform:      linux
[debug] [2020-04-30T10:08:08.986Z] Node Version:  v10.10.0
[debug] [2020-04-30T10:08:08.987Z] Time:          Thu Apr 30 2020 15:38:08 GMT+0530 (India Standard Time)
[debug] [2020-04-30T10:08:08.987Z] ----------------------------------------------------------------------
[debug] [2020-04-30T10:08:08.987Z] 
[debug] [2020-04-30T10:08:09.000Z] > command requires scopes: ["email","openid","https://www.googleapis.com/auth/cloudplatformprojects.readonly","https://www.googleapis.com/auth/firebase","https://www.googleapis.com/auth/cloud-platform"]
[debug] [2020-04-30T10:08:09.000Z] > authorizing via signed-in user
[info] i  emulators: Starting emulators: firestore, hosting
[debug] [2020-04-30T10:08:09.047Z] [hub] writing locator at /tmp/hub-porsio-3829b.json
[info] ✔  hub: emulator hub started at http://localhost:4400
[info] i  firestore: Serving ALL traffic (including WebChannel) on http://localhost:8000
[warn] ⚠  firestore: Support for WebChannel on a separate port (8001) is DEPRECATED and will go away soon. Please use port above instead.
[debug] [2020-04-30T10:08:09.063Z] Ignoring unsupported arg: projectId
[debug] [2020-04-30T10:08:09.063Z] Ignoring unsupported arg: auto_download
[debug] [2020-04-30T10:08:09.063Z] Starting firestore emulator with command {"binary":"java","args":["-Duser.language=en","-jar","/home/bhaskarkishor/.cache/firebase/emulators/cloud-firestore-emulator-v1.10.4.jar","--host","localhost","--port",8000,"--rules","/home/bhaskarkishor/firebase/porsio/firestore.rules","--webchannel_port",8001],"optionalArgs":["port","webchannel_port","host","rules","functions_emulator","seed_from_export"],"joinArgs":false}
[info] i  firestore: firestore emulator logging to firestore-debug.log
[debug] [2020-04-30T10:08:11.015Z] API endpoint: http://
[debug] [2020-04-30T10:08:11.016Z] localhost:8000
If you are using a library that supports the FIRESTORE_EMULATOR_HOST environment variable, run:

   export FIRESTORE_EMULATOR_HOST=localhost:8000

Dev App Server is now running.


[info] ✔  firestore: firestore emulator started at http://localhost:8000
[info] i  firestore: For testing set FIRESTORE_EMULATOR_HOST=localhost:8000
[debug] [2020-04-30T10:08:11.098Z] > refreshing access token with scopes: ["email","https://www.googleapis.com/auth/cloud-platform","https://www.googleapis.com/auth/cloudplatformprojects.readonly","https://www.googleapis.com/auth/firebase","openid"]
[debug] [2020-04-30T10:08:11.099Z] >>> HTTP REQUEST POST https://www.googleapis.com/oauth2/v3/token  
 <request body omitted>
[debug] [2020-04-30T10:08:21.123Z] fetchWebSetup error: FirebaseError: Authentication Error: Your credentials are no longer valid. Please run firebase login --reauth

For CI servers and headless environments, generate a new token with firebase login:ci
[warn] ⚠  hosting: Using web app configuration from cache.
[info] i  hosting: Serving hosting files from: dist
[info] ✔  hosting: Local server: http://localhost:5000
[info] ✔  hosting: hosting emulator started at http://localhost:5000
[info] ✔  All emulators started, it is now safe to connect.
